<?xml version="1.0" encoding="UTF-8"?>
<!-- Generated by org.testng.reporters.JUnitReportReporter -->
<testsuite hostname="DESKTOP-1CCS179" failures="0" tests="1" name="com.opencart.testbase.Testbase" time="9.873" errors="0" timestamp="2024-03-14T08:52:22 IST" skipped="0">
  <testcase classname="com.opencart.testbase.Testbase" name="test" time="9.873"/>
  <system-out/>
</testsuite> <!-- com.opencart.testbase.Testbase -->
