<?xml version="1.0" encoding="UTF-8"?>
<!-- Generated by org.testng.reporters.JUnitReportReporter -->
<testsuite hostname="DESKTOP-1CCS179" failures="0" tests="5" name="com.opencart.testlayer.LoginTest" time="43.994" errors="0" timestamp="2024-03-20T09:43:36 IST" skipped="0">
  <testcase classname="com.opencart.testlayer.LoginTest" name="test" time="8.218"/>
  <system-out/>
  <testcase classname="com.opencart.testlayer.LoginTest" name="test" time="9.113"/>
  <system-out/>
  <testcase classname="com.opencart.testlayer.LoginTest" name="test" time="9.704"/>
  <system-out/>
  <testcase classname="com.opencart.testlayer.LoginTest" name="test" time="8.709"/>
  <system-out/>
  <testcase classname="com.opencart.testlayer.LoginTest" name="test" time="8.250"/>
  <system-out/>
</testsuite> <!-- com.opencart.testlayer.LoginTest -->
